<?xml version="1.0" encoding="UTF-8"?>
<!-- Generated by org.testng.reporters.JUnitReportReporter -->
<testsuite hostname="Rohini" failures="0" tests="4" name="com.runner.TestNG_Runner" time="29.058" errors="0" timestamp="2026-05-13T16:45:17 IST" skipped="0">
  <testcase classname="com.runner.TestNG_Runner" name="runScenario" time="12.810"/>
  <testcase classname="com.runner.TestNG_Runner" name="runScenario" time="4.826"/>
  <testcase classname="com.runner.TestNG_Runner" name="runScenario" time="4.600"/>
  <testcase classname="com.runner.TestNG_Runner" name="runScenario" time="6.822"/>
</testsuite> <!-- com.runner.TestNG_Runner -->
