<?xml version="1.0" encoding="UTF-8"?>
<!-- Generated by org.testng.reporters.JUnitXMLReporter -->
<testsuite ignored="0" hostname="Rohini" failures="2" tests="5" name="AllTests" time="28.759" errors="0" timestamp="2026-04-30T16:40:27 IST">
  <testcase classname="com.test.SignupTest" name="registerNewUser" time="3.895"/>
  <testcase classname="com.test.SignupTest" name="registerExistingUser" time="2.897"/>
  <testcase classname="com.test.LoginTest" name="testLogin" time="8.164"/>
  <testcase classname="com.test.LoginTest" name="testLogin" time="1.647">
    <failure type="org.openqa.selenium.ElementClickInterceptedException" message="element click intercepted: Element &amp;lt;button type=&amp;quot;submit&amp;quot; data-qa=&amp;quot;login-button&amp;quot; class=&amp;quot;btn btn-default&amp;quot;&amp;gt;...&amp;lt;/button&amp;gt; is not clickable at point (245, 434). Other element would receive the click: &amp;lt;iframe id=&amp;quot;aswift_2&amp;quot; name=&amp;quot;aswift_2&amp;quot; style=&amp;quot;min-height: auto !important; max-height: none !important; min-width: auto !important; max-width: none !important; width: 100vw !important; height: 100vh !important; inset: 0px auto auto 0px !important; position: absolute !important; clear: none !important; display: inline !important; float: none !important; margin: 0px !important; opacity: 1 !important; overflow: visible !important; padding: 0px !important; vertical-align: baseline !important; visibility: visible !important; z-index: auto !important;&amp;quot; sandbox=&amp;quot;allow-forms allow-popups allow-popups-to-escape-sandbox allow-same-origin allow-scripts allow-top-navigation-by-user-activation&amp;quot; width=&amp;quot;&amp;quot; height=&amp;quot;&amp;quot; frameborder=&amp;quot;0&amp;quot; marginwidth=&amp;quot;0&amp;quot; marginheight=&amp;quot;0&amp;quot; vspace=&amp;quot;0&amp;quot; hspace=&amp;quot;0&amp;quot; allowtransparency=&amp;quot;true&amp;quot; scrolling=&amp;quot;no&amp;quot; allow=&amp;quot;attribution-reporting; run-ad-auction&amp;quot; src=&amp;quot;https://googleads.g.doubleclick.net/pagead/html/r20260428/r20190131/zrt_lookup_fy2021.html#RS-0-&amp;amp;amp;adk=1812271808&amp;amp;amp;client=ca-pub-1677597403311019&amp;amp;amp;fa=8&amp;amp;amp;ifi=3&amp;amp;amp;uci=a!3&amp;quot; data-google-container-id=&amp;quot;a!3&amp;quot; tabindex=&amp;quot;0&amp;quot; title=&amp;quot;Advertisement&amp;quot; aria-label=&amp;quot;Advertisement&amp;quot; data-google-query-id=&amp;quot;CIWq15W4lZQDFRdbnQkdH40LUA&amp;quot; data-load-complete=&amp;quot;true&amp;quot;&amp;gt;&amp;lt;/iframe&amp;gt;
  (Session info: chrome=147.0.7727.117)
Build info: version: &amp;apos;4.43.0&amp;apos;, revision: &amp;apos;dd0f534&amp;apos;
System info: os.name: &amp;apos;Windows 11&amp;apos;, os.arch: &amp;apos;amd64&amp;apos;, os.version: &amp;apos;10.0&amp;apos;, java.version: &amp;apos;17.0.2&amp;apos;
Driver info: org.openqa.selenium.chrome.ChromeDriver
Command: [ee46e63fc5168463d7cfd87493f18b81, clickElement {id=f.DF3077F0FBC3E45D2DD8948550287A45.d.59FAEA2535397B1C0497416DA64B5403.e.151}]
Capabilities {acceptInsecureCerts: false, browserName: chrome, browserVersion: 147.0.7727.117, chrome: {chromedriverVersion: 147.0.7727.117 (474cc805edd..., userDataDir: C:\Users\User\AppData\Local...}, fedcm:accounts: true, goog:chromeOptions: {debuggerAddress: localhost:58010}, goog:processID: 5388, networkConnectionEnabled: false, pageLoadStrategy: normal, platformName: windows, proxy: Proxy(), se:cdp: ws://localhost:58010/devtoo..., se:cdpVersion: 147.0.7727.117, setWindowRect: true, strictFileInteractability: false, timeouts: {implicit: 0, pageLoad: 300000, script: 30000}, unhandledPromptBehavior: dismiss and notify, webauthn:extension:credBlob: true, webauthn:extension:largeBlob: true, webauthn:extension:minPinLength: true, webauthn:extension:prf: true, webauthn:virtualAuthenticators: true}
Element: [[ChromeDriver: chrome on windows (ee46e63fc5168463d7cfd87493f18b81)] -&amp;gt; xpath: //button[@data-qa=&amp;apos;login-button&amp;apos;]]
Session ID: ee46e63fc5168463d7cfd87493f18b81">
      <![CDATA[org.openqa.selenium.ElementClickInterceptedException: element click intercepted: Element <button type="submit" data-qa="login-button" class="btn btn-default">...</button> is not clickable at point (245, 434). Other element would receive the click: <iframe id="aswift_2" name="aswift_2" style="min-height: auto !important; max-height: none !important; min-width: auto !important; max-width: none !important; width: 100vw !important; height: 100vh !important; inset: 0px auto auto 0px !important; position: absolute !important; clear: none !important; display: inline !important; float: none !important; margin: 0px !important; opacity: 1 !important; overflow: visible !important; padding: 0px !important; vertical-align: baseline !important; visibility: visible !important; z-index: auto !important;" sandbox="allow-forms allow-popups allow-popups-to-escape-sandbox allow-same-origin allow-scripts allow-top-navigation-by-user-activation" width="" height="" frameborder="0" marginwidth="0" marginheight="0" vspace="0" hspace="0" allowtransparency="true" scrolling="no" allow="attribution-reporting; run-ad-auction" src="https://googleads.g.doubleclick.net/pagead/html/r20260428/r20190131/zrt_lookup_fy2021.html#RS-0-&amp;adk=1812271808&amp;client=ca-pub-1677597403311019&amp;fa=8&amp;ifi=3&amp;uci=a!3" data-google-container-id="a!3" tabindex="0" title="Advertisement" aria-label="Advertisement" data-google-query-id="CIWq15W4lZQDFRdbnQkdH40LUA" data-load-complete="true"></iframe>
  (Session info: chrome=147.0.7727.117)
Build info: version: '4.43.0', revision: 'dd0f534'
System info: os.name: 'Windows 11', os.arch: 'amd64', os.version: '10.0', java.version: '17.0.2'
Driver info: org.openqa.selenium.chrome.ChromeDriver
Command: [ee46e63fc5168463d7cfd87493f18b81, clickElement {id=f.DF3077F0FBC3E45D2DD8948550287A45.d.59FAEA2535397B1C0497416DA64B5403.e.151}]
Capabilities {acceptInsecureCerts: false, browserName: chrome, browserVersion: 147.0.7727.117, chrome: {chromedriverVersion: 147.0.7727.117 (474cc805edd..., userDataDir: C:\Users\User\AppData\Local...}, fedcm:accounts: true, goog:chromeOptions: {debuggerAddress: localhost:58010}, goog:processID: 5388, networkConnectionEnabled: false, pageLoadStrategy: normal, platformName: windows, proxy: Proxy(), se:cdp: ws://localhost:58010/devtoo..., se:cdpVersion: 147.0.7727.117, setWindowRect: true, strictFileInteractability: false, timeouts: {implicit: 0, pageLoad: 300000, script: 30000}, unhandledPromptBehavior: dismiss and notify, webauthn:extension:credBlob: true, webauthn:extension:largeBlob: true, webauthn:extension:minPinLength: true, webauthn:extension:prf: true, webauthn:virtualAuthenticators: true}
Element: [[ChromeDriver: chrome on windows (ee46e63fc5168463d7cfd87493f18b81)] -> xpath: //button[@data-qa='login-button']]
Session ID: ee46e63fc5168463d7cfd87493f18b81
at org.openqa.selenium.remote.ErrorCodec.decode(ErrorCodec.java:169)
at org.openqa.selenium.remote.codec.w3c.W3CHttpResponseCodec.decode(W3CHttpResponseCodec.java:142)
at org.openqa.selenium.remote.codec.w3c.W3CHttpResponseCodec.decode(W3CHttpResponseCodec.java:49)
at org.openqa.selenium.remote.HttpCommandExecutor.execute(HttpCommandExecutor.java:223)
at org.openqa.selenium.remote.service.DriverCommandExecutor.invokeExecute(DriverCommandExecutor.java:216)
at org.openqa.selenium.remote.service.DriverCommandExecutor.execute(DriverCommandExecutor.java:174)
at org.openqa.selenium.remote.RemoteWebDriver.execute(RemoteWebDriver.java:606)
at org.openqa.selenium.remote.RemoteWebElement.execute(RemoteWebElement.java:223)
at org.openqa.selenium.remote.RemoteWebElement.click(RemoteWebElement.java:76)
at org.openqa.selenium.support.pagefactory.internal.LocatingElementHandler.invoke(LocatingElementHandler.java:51)
at jdk.proxy2/jdk.proxy2.$Proxy13.click(Unknown Source)
at com.pages.LoginPage.login(LoginPage.java:41)
at com.test.LoginTest.testLogin(LoginTest.java:17)
at java.base/java.util.ArrayList.forEach(ArrayList.java:1511)
... Removed 31 stack frames]]>
    </failure>
  </testcase> <!-- testLogin -->
  <testcase classname="com.test.LoginTest" name="testLogin" time="1.095">
    <failure type="org.openqa.selenium.ElementClickInterceptedException" message="element click intercepted: Element &amp;lt;a href=&amp;quot;/login&amp;quot; style=&amp;quot;color: orange;&amp;quot;&amp;gt;...&amp;lt;/a&amp;gt; is not clickable at point (839, 40). Other element would receive the click: &amp;lt;iframe id=&amp;quot;aswift_2&amp;quot; name=&amp;quot;aswift_2&amp;quot; style=&amp;quot;min-height: auto !important; max-height: none !important; min-width: auto !important; max-width: none !important; width: 100vw !important; height: 100vh !important; inset: 0px auto auto 0px !important; position: absolute !important; clear: none !important; display: inline !important; float: none !important; margin: 0px !important; opacity: 1 !important; overflow: visible !important; padding: 0px !important; vertical-align: baseline !important; visibility: visible !important; z-index: auto !important;&amp;quot; sandbox=&amp;quot;allow-forms allow-popups allow-popups-to-escape-sandbox allow-same-origin allow-scripts allow-top-navigation-by-user-activation&amp;quot; width=&amp;quot;&amp;quot; height=&amp;quot;&amp;quot; frameborder=&amp;quot;0&amp;quot; marginwidth=&amp;quot;0&amp;quot; marginheight=&amp;quot;0&amp;quot; vspace=&amp;quot;0&amp;quot; hspace=&amp;quot;0&amp;quot; allowtransparency=&amp;quot;true&amp;quot; scrolling=&amp;quot;no&amp;quot; allow=&amp;quot;attribution-reporting; run-ad-auction&amp;quot; src=&amp;quot;https://googleads.g.doubleclick.net/pagead/html/r20260428/r20190131/zrt_lookup_fy2021.html#RS-0-&amp;amp;amp;adk=1812271808&amp;amp;amp;client=ca-pub-1677597403311019&amp;amp;amp;fa=8&amp;amp;amp;ifi=3&amp;amp;amp;uci=a!3&amp;quot; data-google-container-id=&amp;quot;a!3&amp;quot; tabindex=&amp;quot;0&amp;quot; title=&amp;quot;Advertisement&amp;quot; aria-label=&amp;quot;Advertisement&amp;quot; data-google-query-id=&amp;quot;CIWq15W4lZQDFRdbnQkdH40LUA&amp;quot; data-load-complete=&amp;quot;true&amp;quot;&amp;gt;&amp;lt;/iframe&amp;gt;
  (Session info: chrome=147.0.7727.117)
Build info: version: &amp;apos;4.43.0&amp;apos;, revision: &amp;apos;dd0f534&amp;apos;
System info: os.name: &amp;apos;Windows 11&amp;apos;, os.arch: &amp;apos;amd64&amp;apos;, os.version: &amp;apos;10.0&amp;apos;, java.version: &amp;apos;17.0.2&amp;apos;
Driver info: org.openqa.selenium.chrome.ChromeDriver
Command: [ee46e63fc5168463d7cfd87493f18b81, clickElement {id=f.DF3077F0FBC3E45D2DD8948550287A45.d.59FAEA2535397B1C0497416DA64B5403.e.166}]
Capabilities {acceptInsecureCerts: false, browserName: chrome, browserVersion: 147.0.7727.117, chrome: {chromedriverVersion: 147.0.7727.117 (474cc805edd..., userDataDir: C:\Users\User\AppData\Local...}, fedcm:accounts: true, goog:chromeOptions: {debuggerAddress: localhost:58010}, goog:processID: 5388, networkConnectionEnabled: false, pageLoadStrategy: normal, platformName: windows, proxy: Proxy(), se:cdp: ws://localhost:58010/devtoo..., se:cdpVersion: 147.0.7727.117, setWindowRect: true, strictFileInteractability: false, timeouts: {implicit: 0, pageLoad: 300000, script: 30000}, unhandledPromptBehavior: dismiss and notify, webauthn:extension:credBlob: true, webauthn:extension:largeBlob: true, webauthn:extension:minPinLength: true, webauthn:extension:prf: true, webauthn:virtualAuthenticators: true}
Element: [[ChromeDriver: chrome on windows (ee46e63fc5168463d7cfd87493f18b81)] -&amp;gt; xpath: //a[normalize-space()=&amp;apos;Signup / Login&amp;apos;]]
Session ID: ee46e63fc5168463d7cfd87493f18b81">
      <![CDATA[org.openqa.selenium.ElementClickInterceptedException: element click intercepted: Element <a href="/login" style="color: orange;">...</a> is not clickable at point (839, 40). Other element would receive the click: <iframe id="aswift_2" name="aswift_2" style="min-height: auto !important; max-height: none !important; min-width: auto !important; max-width: none !important; width: 100vw !important; height: 100vh !important; inset: 0px auto auto 0px !important; position: absolute !important; clear: none !important; display: inline !important; float: none !important; margin: 0px !important; opacity: 1 !important; overflow: visible !important; padding: 0px !important; vertical-align: baseline !important; visibility: visible !important; z-index: auto !important;" sandbox="allow-forms allow-popups allow-popups-to-escape-sandbox allow-same-origin allow-scripts allow-top-navigation-by-user-activation" width="" height="" frameborder="0" marginwidth="0" marginheight="0" vspace="0" hspace="0" allowtransparency="true" scrolling="no" allow="attribution-reporting; run-ad-auction" src="https://googleads.g.doubleclick.net/pagead/html/r20260428/r20190131/zrt_lookup_fy2021.html#RS-0-&amp;adk=1812271808&amp;client=ca-pub-1677597403311019&amp;fa=8&amp;ifi=3&amp;uci=a!3" data-google-container-id="a!3" tabindex="0" title="Advertisement" aria-label="Advertisement" data-google-query-id="CIWq15W4lZQDFRdbnQkdH40LUA" data-load-complete="true"></iframe>
  (Session info: chrome=147.0.7727.117)
Build info: version: '4.43.0', revision: 'dd0f534'
System info: os.name: 'Windows 11', os.arch: 'amd64', os.version: '10.0', java.version: '17.0.2'
Driver info: org.openqa.selenium.chrome.ChromeDriver
Command: [ee46e63fc5168463d7cfd87493f18b81, clickElement {id=f.DF3077F0FBC3E45D2DD8948550287A45.d.59FAEA2535397B1C0497416DA64B5403.e.166}]
Capabilities {acceptInsecureCerts: false, browserName: chrome, browserVersion: 147.0.7727.117, chrome: {chromedriverVersion: 147.0.7727.117 (474cc805edd..., userDataDir: C:\Users\User\AppData\Local...}, fedcm:accounts: true, goog:chromeOptions: {debuggerAddress: localhost:58010}, goog:processID: 5388, networkConnectionEnabled: false, pageLoadStrategy: normal, platformName: windows, proxy: Proxy(), se:cdp: ws://localhost:58010/devtoo..., se:cdpVersion: 147.0.7727.117, setWindowRect: true, strictFileInteractability: false, timeouts: {implicit: 0, pageLoad: 300000, script: 30000}, unhandledPromptBehavior: dismiss and notify, webauthn:extension:credBlob: true, webauthn:extension:largeBlob: true, webauthn:extension:minPinLength: true, webauthn:extension:prf: true, webauthn:virtualAuthenticators: true}
Element: [[ChromeDriver: chrome on windows (ee46e63fc5168463d7cfd87493f18b81)] -> xpath: //a[normalize-space()='Signup / Login']]
Session ID: ee46e63fc5168463d7cfd87493f18b81
at org.openqa.selenium.remote.ErrorCodec.decode(ErrorCodec.java:169)
at org.openqa.selenium.remote.codec.w3c.W3CHttpResponseCodec.decode(W3CHttpResponseCodec.java:142)
at org.openqa.selenium.remote.codec.w3c.W3CHttpResponseCodec.decode(W3CHttpResponseCodec.java:49)
at org.openqa.selenium.remote.HttpCommandExecutor.execute(HttpCommandExecutor.java:223)
at org.openqa.selenium.remote.service.DriverCommandExecutor.invokeExecute(DriverCommandExecutor.java:216)
at org.openqa.selenium.remote.service.DriverCommandExecutor.execute(DriverCommandExecutor.java:174)
at org.openqa.selenium.remote.RemoteWebDriver.execute(RemoteWebDriver.java:606)
at org.openqa.selenium.remote.RemoteWebElement.execute(RemoteWebElement.java:223)
at org.openqa.selenium.remote.RemoteWebElement.click(RemoteWebElement.java:76)
at org.openqa.selenium.support.pagefactory.internal.LocatingElementHandler.invoke(LocatingElementHandler.java:51)
at jdk.proxy2/jdk.proxy2.$Proxy13.click(Unknown Source)
at com.pages.LoginPage.clickLogin(LoginPage.java:35)
at com.test.LoginTest.testLogin(LoginTest.java:16)
at java.base/java.util.ArrayList.forEach(ArrayList.java:1511)
... Removed 31 stack frames]]>
    </failure>
  </testcase> <!-- testLogin -->
</testsuite> <!-- AllTests -->
